<?xml version="1.0" encoding="UTF-8"?>
<testsuite name="TestSuite" time="1.09" tests="18" errors="0" skipped="0" failures="1">
  <properties>
[...]
</properties>
  <testcase name="testGetInboxOk on testGetInboxOk(MensajeControllerTest)" classname="MensajeControllerTest" time="1.062">
    <failure message="Status expected:&lt;200&gt; but was:&lt;204&gt;" type="java.lang.AssertionError"><![CDATA[java.lang.AssertionError: Status expected:<200> but was:<204>
	at org.springframework.test.util.AssertionErrors.fail(AssertionErrors.java:54)
	at org.springframework.test.util.AssertionErrors.assertEquals(AssertionErrors.java:81)
	at org.springframework.test.web.servlet.result.StatusResultMatchers$10.match(StatusResultMatchers.java:664)
	at org.springframework.test.web.servlet.MockMvc$1.andExpect(MockMvc.java:171)
	at MensajeControllerTest.testGetInboxOk(MensajeControllerTest.java:76)
]]></failure>
    <system-out><![CDATA[Configuring TestNG with: TestNG652Configurator
Usage: <main class> [options] The XML suite files to run
  Options:
    -configfailurepolicy
      Configuration failure policy (skip or continue)
    -d
      Output directory
    -dataproviderthreadcount
      Number of threads to use when running data providers
    -excludegroups
      Comma-separated list of group names to  exclude
    -groups
      Comma-separated list of group names to be run
    -junit
      JUnit mode
      Default: false
    -listener
      List of .class files or list of class names implementing ITestListener 
      or ISuiteListener
    -methods
      Comma separated of test methods
      Default: []
    -methodselectors
      List of .class files or list of class names implementing IMethodSelector
    -mixed
      Mixed mode - autodetect the type of current test and run it with 
      appropriate runner
      Default: false
    -objectfactory
      List of .class files or list of class names implementing 
      ITestRunnerFactory 
    -parallel
      Parallel mode (methods, tests or classes)
      Possible Values: [tests, methods, classes, instances, none, true, false]
    -port
      The port
    -reporter
      Extended configuration for custom report listener
    -suitename
      Default name of test suite, if not specified in suite definition file or 
      source code
    -suitethreadpoolsize
      Size of the thread pool to use to run suites
      Default: 1
    -testclass
      The list of test classes
    -testjar
      A jar file containing the tests
    -testname
      Default name of test, if not specified in suitedefinition file or source 
      code 
    -testnames
      The list of test names to run
    -testrunfactory, -testRunFactory
      The factory used to create tests
    -threadcount
      Number of threads to use when running tests in parallel
    -usedefaultlisteners
      Whether to use the default listeners
      Default: true
    -log, -verbose
      Level of verbosity
    -xmlpathinjar
      The full path to the xml file inside the jar file (only valid if 
      -testjar was specified)
      Default: testng.xml

Configuring TestNG with: TestNG652Configurator
23:31:33.475 [main] DEBUG org.springframework.test.context.junit4.SpringJUnit4ClassRunner - SpringJUnit4ClassRunner constructor called with [class MensajeControllerTest]
23:31:33.513 [main] DEBUG org.springframework.test.context.BootstrapUtils - Instantiating CacheAwareContextLoaderDelegate from class [org.springframework.test.context.cache.DefaultCacheAwareContextLoaderDelegate]
23:31:33.594 [main] DEBUG org.springframework.test.context.BootstrapUtils - Instantiating BootstrapContext using constructor [public org.springframework.test.context.support.DefaultBootstrapContext(java.lang.Class,org.springframework.test.context.CacheAwareContextLoaderDelegate)]
23:31:33.642 [main] DEBUG org.springframework.test.context.BootstrapUtils - Instantiating TestContextBootstrapper for test class [MensajeControllerTest] from class [org.springframework.boot.test.context.SpringBootTestContextBootstrapper]
23:31:33.656 [main] INFO org.springframework.boot.test.context.SpringBootTestContextBootstrapper - Neither @ContextConfiguration nor @ContextHierarchy found for test class [MensajeControllerTest], using SpringBootContextLoader
23:31:33.662 [main] DEBUG org.springframework.test.context.support.AbstractContextLoader - Did not detect default resource location for test class [MensajeControllerTest]: class path resource [MensajeControllerTest-context.xml] does not exist
23:31:33.663 [main] DEBUG org.springframework.test.context.support.AbstractContextLoader - Did not detect default resource location for test class [MensajeControllerTest]: class path resource [MensajeControllerTestContext.groovy] does not exist
23:31:33.664 [main] INFO org.springframework.test.context.support.AbstractContextLoader - Could not detect default resource locations for test class [MensajeControllerTest]: no resource found for suffixes {-context.xml, Context.groovy}.
23:31:33.795 [main] DEBUG org.springframework.test.context.support.ActiveProfilesUtils - Could not find an 'annotation declaring class' for annotation type [org.springframework.test.context.ActiveProfiles] and class [MensajeControllerTest]
23:31:33.962 [main] DEBUG org.springframework.boot.test.context.SpringBootTestContextBootstrapper - @TestExecutionListeners is not present for class [MensajeControllerTest]: using defaults.
23:31:33.968 [main] INFO org.springframework.boot.test.context.SpringBootTestContextBootstrapper - Loaded default TestExecutionListener class names from location [META-INF/spring.factories]: [org.springframework.boot.test.mock.mockito.MockitoTestExecutionListener, org.springframework.boot.test.mock.mockito.ResetMocksTestExecutionListener, org.springframework.boot.test.autoconfigure.AutoConfigureReportTestExecutionListener, org.springframework.boot.test.autoconfigure.restdocs.RestDocsTestExecutionListener, org.springframework.boot.test.autoconfigure.web.client.MockRestServiceServerResetTestExecutionListener, org.springframework.test.context.web.ServletTestExecutionListener, org.springframework.test.context.support.DirtiesContextBeforeModesTestExecutionListener, org.springframework.test.context.support.DependencyInjectionTestExecutionListener, org.springframework.test.context.support.DirtiesContextTestExecutionListener, org.springframework.test.context.transaction.TransactionalTestExecutionListener, org.springframework.test.context.jdbc.SqlScriptsTestExecutionListener]
23:31:33.975 [main] INFO org.springframework.boot.test.context.SpringBootTestContextBootstrapper - Could not instantiate TestExecutionListener [org.springframework.test.context.transaction.TransactionalTestExecutionListener]. Specify custom listener classes or make the default listener classes (and their required dependencies) available. Offending class: [org/springframework/transaction/TransactionDefinition]
23:31:33.991 [main] INFO org.springframework.boot.test.context.SpringBootTestContextBootstrapper - Could not instantiate TestExecutionListener [org.springframework.test.context.jdbc.SqlScriptsTestExecutionListener]. Specify custom listener classes or make the default listener classes (and their required dependencies) available. Offending class: [org/springframework/transaction/interceptor/TransactionAttribute]
23:31:33.992 [main] INFO org.springframework.boot.test.context.SpringBootTestContextBootstrapper - Using TestExecutionListeners: [org.springframework.test.context.web.ServletTestExecutionListener@56528192, org.springframework.test.context.support.DirtiesContextBeforeModesTestExecutionListener@6e0dec4a, org.springframework.boot.test.autoconfigure.AutoConfigureReportTestExecutionListener@96def03, org.springframework.test.context.support.DependencyInjectionTestExecutionListener@5ccddd20, org.springframework.test.context.support.DirtiesContextTestExecutionListener@1ed1993a, org.springframework.boot.test.autoconfigure.web.client.MockRestServiceServerResetTestExecutionListener@1f3f4916, org.springframework.boot.test.mock.mockito.MockitoTestExecutionListener@794cb805, org.springframework.boot.test.autoconfigure.restdocs.RestDocsTestExecutionListener@4b5a5ed1, org.springframework.boot.test.mock.mockito.ResetMocksTestExecutionListener@59d016c9]
23:31:34.000 [main] DEBUG org.springframework.test.annotation.ProfileValueUtils - Retrieved @ProfileValueSourceConfiguration [null] for test class [MensajeControllerTest]
23:31:34.001 [main] DEBUG org.springframework.test.annotation.ProfileValueUtils - Retrieved ProfileValueSource type [class org.springframework.test.annotation.SystemProfileValueSource] for class [MensajeControllerTest]
23:31:34.001 [main] DEBUG org.springframework.test.annotation.ProfileValueUtils - Retrieved @ProfileValueSourceConfiguration [null] for test class [MensajeControllerTest]
23:31:34.002 [main] DEBUG org.springframework.test.annotation.ProfileValueUtils - Retrieved ProfileValueSource type [class org.springframework.test.annotation.SystemProfileValueSource] for class [MensajeControllerTest]
23:31:34.004 [main] DEBUG org.springframework.test.annotation.ProfileValueUtils - Retrieved @ProfileValueSourceConfiguration [null] for test class [MensajeControllerTest]
23:31:34.004 [main] DEBUG org.springframework.test.annotation.ProfileValueUtils - Retrieved ProfileValueSource type [class org.springframework.test.annotation.SystemProfileValueSource] for class [MensajeControllerTest]
23:31:34.009 [main] DEBUG org.springframework.test.context.support.AbstractDirtiesContextTestExecutionListener - Before test class: context [DefaultTestContext@5223e5ee testClass = MensajeControllerTest, testInstance = [null], testMethod = [null], testException = [null], mergedContextConfiguration = [WebMergedContextConfiguration@bef2d72 testClass = MensajeControllerTest, locations = '{}', classes = '{class tp.Application, class tp.Application}', contextInitializerClasses = '[]', activeProfiles = '{}', propertySourceLocations = '{}', propertySourceProperties = '{org.springframework.boot.test.context.SpringBootTestContextBootstrapper=true}', contextCustomizers = set[org.springframework.boot.test.context.SpringBootTestContextCustomizer@55a1c291, org.springframework.boot.test.context.filter.ExcludeFilterContextCustomizer@40e6dfe1, org.springframework.boot.test.mock.mockito.MockitoContextCustomizer@0, org.springframework.boot.test.autoconfigure.properties.PropertyMappingContextCustomizer@0, org.springframework.test.context.web.socket.MockServerContainerContextCustomizer@6b419da], resourceBasePath = 'src/main/webapp', contextLoader = 'org.springframework.boot.test.context.SpringBootContextLoader', parent = [null]]], class annotated with @DirtiesContext [false] with mode [null].
23:31:34.010 [main] DEBUG org.springframework.test.annotation.ProfileValueUtils - Retrieved @ProfileValueSourceConfiguration [null] for test class [MensajeControllerTest]
23:31:34.012 [main] DEBUG org.springframework.test.annotation.ProfileValueUtils - Retrieved ProfileValueSource type [class org.springframework.test.annotation.SystemProfileValueSource] for class [MensajeControllerTest]
23:31:34.302 [main] DEBUG org.springframework.core.env.StandardEnvironment - Adding [systemProperties] PropertySource with lowest search precedence
23:31:34.304 [main] DEBUG org.springframework.core.env.StandardEnvironment - Adding [systemEnvironment] PropertySource with lowest search precedence
23:31:34.305 [main] DEBUG org.springframework.core.env.StandardEnvironment - Initialized StandardEnvironment with PropertySources [systemProperties,systemEnvironment]
23:31:34.307 [main] DEBUG org.springframework.test.context.support.TestPropertySourceUtils - Adding inlined properties to environment: {spring.jmx.enabled=false, org.springframework.boot.test.context.SpringBootTestContextBootstrapper=true, server.port=-1}
23:31:34.308 [main] DEBUG org.springframework.core.env.StandardEnvironment - Adding [Inlined Test Properties] PropertySource with highest search precedence

  .   ____          _            __ _ _
 /\\ / ___'_ __ _ _(_)_ __  __ _ \ \ \ \
( ( )\___ | '_ | '_| | '_ \/ _` | \ \ \ \
 \\/  ___)| |_)| | | | | || (_| |  ) ) ) )
  '  |____| .__|_| |_|_| |_\__, | / / / /
 =========|_|==============|___/=/_/_/_/
 :: Spring Boot ::        (v1.4.0.RELEASE)

2017-06-27 23:31:35.690  INFO 3441 --- [           main] MensajeControllerTest                    : Starting MensajeControllerTest on co0per-K53E with PID 3441 (started by root in /home/co0per/proyectos java/APImail)
2017-06-27 23:31:35.691  INFO 3441 --- [           main] MensajeControllerTest                    : No active profile set, falling back to default profiles: default
2017-06-27 23:31:37.519  INFO 3441 --- [           main] o.s.w.c.s.GenericWebApplicationContext   : Refreshing org.springframework.web.context.support.GenericWebApplicationContext@4e928fbf: startup date [Tue Jun 27 23:31:37 ART 2017]; root of context hierarchy
2017-06-27 23:31:56.370  INFO 3441 --- [           main] s.w.s.m.m.a.RequestMappingHandlerAdapter : Looking for @ControllerAdvice: org.springframework.web.context.support.GenericWebApplicationContext@4e928fbf: startup date [Tue Jun 27 23:31:37 ART 2017]; root of context hierarchy
2017-06-27 23:31:56.541  INFO 3441 --- [           main] s.w.s.m.m.a.RequestMappingHandlerMapping : Mapped "{[/api/mensaje/inbox],methods=[GET],produces=[application/json]}" onto public org.springframework.http.ResponseEntity<java.util.ArrayList<tp.Wrapper.MensajeWrapper>> tp.Controller.MensajeController.getInbox(java.lang.String)
2017-06-27 23:31:56.544  INFO 3441 --- [           main] s.w.s.m.m.a.RequestMappingHandlerMapping : Mapped "{[/api/mensajes/eliminados],methods=[GET],produces=[application/json]}" onto public org.springframework.http.ResponseEntity<java.util.ArrayList<tp.Wrapper.MensajeWrapper>> tp.Controller.MensajeController.getMensajesEliminados(java.lang.String)
2017-06-27 23:31:56.544  INFO 3441 --- [           main] s.w.s.m.m.a.RequestMappingHandlerMapping : Mapped "{[/api/mensaje],methods=[DELETE],produces=[application/json]}" onto public org.springframework.http.ResponseEntity tp.Controller.MensajeController.eliminarMensaje(int)
2017-06-27 23:31:56.544  INFO 3441 --- [           main] s.w.s.m.m.a.RequestMappingHandlerMapping : Mapped "{[/api/enviar],methods=[POST],produces=[application/json]}" onto public org.springframework.http.ResponseEntity tp.Controller.MensajeController.enviarMensaje(tp.Model.Mensaje)
2017-06-27 23:31:56.545  INFO 3441 --- [           main] s.w.s.m.m.a.RequestMappingHandlerMapping : Mapped "{[/api/mensajes],methods=[GET],produces=[application/json]}" onto public org.springframework.http.ResponseEntity<java.util.ArrayList<tp.Wrapper.MensajeWrapper>> tp.Controller.MensajeController.getMensajesEnviados(java.lang.String)
2017-06-27 23:31:56.561  INFO 3441 --- [           main] s.w.s.m.m.a.RequestMappingHandlerMapping : Mapped "{[/login],methods=[POST],produces=[application/json]}" onto public org.springframework.http.ResponseEntity<tp.Wrapper.LoginWrapper> tp.Controller.UsuarioController.login(java.lang.String,java.lang.String)
2017-06-27 23:31:56.562  INFO 3441 --- [           main] s.w.s.m.m.a.RequestMappingHandlerMapping : Mapped "{[/logout],produces=[application/json]}" onto public org.springframework.http.ResponseEntity tp.Controller.UsuarioController.logout(java.lang.String)
2017-06-27 23:31:56.564  INFO 3441 --- [           main] s.w.s.m.m.a.RequestMappingHandlerMapping : Mapped "{[/api/users],methods=[GET],produces=[application/json]}" onto public org.springframework.http.ResponseEntity<java.util.ArrayList<tp.Wrapper.UsuarioWrapper>> tp.Controller.UsuarioController.getAllUsers()
2017-06-27 23:31:56.564  INFO 3441 --- [           main] s.w.s.m.m.a.RequestMappingHandlerMapping : Mapped "{[/api/user],methods=[POST],consumes=[application/json],produces=[application/json]}" onto public org.springframework.http.ResponseEntity tp.Controller.UsuarioController.crearUsuario(tp.Request.UsuarioRequest)
2017-06-27 23:31:56.564  INFO 3441 --- [           main] s.w.s.m.m.a.RequestMappingHandlerMapping : Mapped "{[/api/user],methods=[DELETE],produces=[application/json]}" onto public org.springframework.http.ResponseEntity tp.Controller.UsuarioController.borrarUsuario(int)
2017-06-27 23:31:56.565  INFO 3441 --- [           main] s.w.s.m.m.a.RequestMappingHandlerMapping : Mapped "{[/api/user],methods=[GET],produces=[application/json]}" onto public org.springframework.http.ResponseEntity<tp.Wrapper.UsuarioWrapper> tp.Controller.UsuarioController.getUsusario_x_Nombre(java.lang.String)
2017-06-27 23:31:56.574  INFO 3441 --- [           main] s.w.s.m.m.a.RequestMappingHandlerMapping : Mapped "{[/error],produces=[text/html]}" onto public org.springframework.web.servlet.ModelAndView org.springframework.boot.autoconfigure.web.BasicErrorController.errorHtml(javax.servlet.http.HttpServletRequest,javax.servlet.http.HttpServletResponse)
2017-06-27 23:31:56.576  INFO 3441 --- [           main] s.w.s.m.m.a.RequestMappingHandlerMapping : Mapped "{[/error]}" onto public org.springframework.http.ResponseEntity<java.util.Map<java.lang.String, java.lang.Object>> org.springframework.boot.autoconfigure.web.BasicErrorController.error(javax.servlet.http.HttpServletRequest)
2017-06-27 23:31:56.647  INFO 3441 --- [           main] o.s.w.s.handler.SimpleUrlHandlerMapping  : Mapped URL path [/webjars/**] onto handler of type [class org.springframework.web.servlet.resource.ResourceHttpRequestHandler]
2017-06-27 23:31:56.647  INFO 3441 --- [           main] o.s.w.s.handler.SimpleUrlHandlerMapping  : Mapped URL path [/**] onto handler of type [class org.springframework.web.servlet.resource.ResourceHttpRequestHandler]
2017-06-27 23:31:56.750  INFO 3441 --- [           main] o.s.w.s.handler.SimpleUrlHandlerMapping  : Mapped URL path [/**/favicon.ico] onto handler of type [class org.springframework.web.servlet.resource.ResourceHttpRequestHandler]
2017-06-27 23:31:56.808  WARN 3441 --- [           main] .t.AbstractTemplateResolverConfiguration : Cannot find template location: classpath:/templates/ (please add some templates or check your Thymeleaf configuration)
2017-06-27 23:31:57.779  INFO 3441 --- [           main] s.a.ScheduledAnnotationBeanPostProcessor : No TaskScheduler/ScheduledExecutorService bean found for scheduled processing
Checking sessions
2017-06-27 23:31:57.851  INFO 3441 --- [           main] MensajeControllerTest                    : Started MensajeControllerTest in 23.461 seconds (JVM running for 26.014)
2017-06-27 23:31:57.997  INFO 3441 --- [           main] o.s.b.t.m.w.SpringBootMockServletContext : Initializing Spring FrameworkServlet ''
2017-06-27 23:31:57.999  INFO 3441 --- [           main] o.s.t.web.servlet.TestDispatcherServlet  : FrameworkServlet '': initialization started
2017-06-27 23:31:58.079  INFO 3441 --- [           main] o.s.t.web.servlet.TestDispatcherServlet  : FrameworkServlet '': initialization completed in 79 ms
c875415e-6076-4981-bd59-71fc38d267ff
]]></system-out>
    <system-err><![CDATA[[TestNG] [ERROR] No test suite found. Nothing to run
Loading class `com.mysql.jdbc.Driver'. This is deprecated. The new driver class is `com.mysql.cj.jdbc.Driver'. The driver is automatically registered via the SPI and manual loading of the driver class is generally unnecessary.
Tue Jun 27 23:31:54 ART 2017 WARN: Establishing SSL connection without server's identity verification is not recommended. According to MySQL 5.5.45+, 5.6.26+ and 5.7.6+ requirements SSL connection must be established by default if explicit option isn't set. For compliance with existing applications not using SSL the verifyServerCertificate property is set to 'false'. You need either to explicitly disable SSL by setting useSSL=false, or set useSSL=true and provide truststore for server certificate verification.
Tue Jun 27 23:31:55 ART 2017 WARN: Establishing SSL connection without server's identity verification is not recommended. According to MySQL 5.5.45+, 5.6.26+ and 5.7.6+ requirements SSL connection must be established by default if explicit option isn't set. For compliance with existing applications not using SSL the verifyServerCertificate property is set to 'false'. You need either to explicitly disable SSL by setting useSSL=false, or set useSSL=true and provide truststore for server certificate verification.
]]></system-err>
  </testcase>
  <testcase name="testApp on testApp(AppTest)" classname="AppTest" time="0.011"/>
  <testcase name="testRecipiente on testRecipiente(MensajeTest)" classname="MensajeTest" time="0.001"/>
  <testcase name="testID on testID(MensajeTest)" classname="MensajeTest" time="0"/>
  <testcase name="testBorrado on testBorrado(MensajeTest)" classname="MensajeTest" time="0.001"/>
  <testcase name="testMensaje on testMensaje(MensajeTest)" classname="MensajeTest" time="0"/>
  <testcase name="testAsunto on testAsunto(MensajeTest)" classname="MensajeTest" time="0"/>
  <testcase name="testRemitente on testRemitente(MensajeTest)" classname="MensajeTest" time="0"/>
  <testcase name="testEmail on testEmail(UsuarioTest)" classname="UsuarioTest" time="0.001"/>
  <testcase name="testPais on testPais(UsuarioTest)" classname="UsuarioTest" time="0.003"/>
  <testcase name="testPass on testPass(UsuarioTest)" classname="UsuarioTest" time="0.001"/>
  <testcase name="testTelefono on testTelefono(UsuarioTest)" classname="UsuarioTest" time="0.002"/>
  <testcase name="testDireccion on testDireccion(UsuarioTest)" classname="UsuarioTest" time="0"/>
  <testcase name="testProvincia on testProvincia(UsuarioTest)" classname="UsuarioTest" time="0"/>
  <testcase name="testCiudad on testCiudad(UsuarioTest)" classname="UsuarioTest" time="0.006"/>
  <testcase name="testEmail2 on testEmail2(UsuarioTest)" classname="UsuarioTest" time="0"/>
  <testcase name="testApellido on testApellido(UsuarioTest)" classname="UsuarioTest" time="0.001"/>
  <testcase name="testNombre on testNombre(UsuarioTest)" classname="UsuarioTest" time="0.001"/>
</testsuite>